{"name": "test_login_without_any_credentials", "status": "failed", "statusDetails": {"message": "AssertionError: assert False\n +  where False = <method-wrapper '__contains__' of str object at 0x000001926865B860>('Warning: No match for E-Mail Address and/or Password.')\n +    where <method-wrapper '__contains__' of str object at 0x000001926865B860> = \"New Customer\\nRegister Account\\nBy creating an account you will be able to shop faster, be up to date on an order's s...ddress Book\\nWish List\\nOrder History\\nDownloads\\nRecurring payments\\nReward Points\\nReturns\\nTransactions\\nNewsletter\".__contains__\n +      where \"New Customer\\nRegister Account\\nBy creating an account you will be able to shop faster, be up to date on an order's s...ddress Book\\nWish List\\nOrder History\\nDownloads\\nRecurring payments\\nReward Points\\nReturns\\nTransactions\\nNewsletter\" = get_login_page_error_message()\n +        where get_login_page_error_message = <pages.LoginPage.LoginPage object at 0x000001926C215D90>.get_login_page_error_message", "trace": "self = <tests.test_Login.Test_Login object at 0x000001926C175440>\n\n    def test_login_without_any_credentials(self):\n        homePage = HomePage(self.driver)\n        homePage.click_on_my_account_drop_menu()\n        loginPage = homePage.click_on_login_link_text()\n        loginPage.enter_credentials_for_login(\"\", '')\n        loginPage.click_on_login_button()\n        expected_warning_message = \"Warning: No match for E-Mail Address and/or Password.\"\n>       assert loginPage.get_login_page_error_message().__contains__(expected_warning_message)\nE       assert False\nE        +  where False = <method-wrapper '__contains__' of str object at 0x000001926865B860>('Warning: No match for E-Mail Address and/or Password.')\nE        +    where <method-wrapper '__contains__' of str object at 0x000001926865B860> = \"New Customer\\nRegister Account\\nBy creating an account you will be able to shop faster, be up to date on an order's s...ddress Book\\nWish List\\nOrder History\\nDownloads\\nRecurring payments\\nReward Points\\nReturns\\nTransactions\\nNewsletter\".__contains__\nE        +      where \"New Customer\\nRegister Account\\nBy creating an account you will be able to shop faster, be up to date on an order's s...ddress Book\\nWish List\\nOrder History\\nDownloads\\nRecurring payments\\nReward Points\\nReturns\\nTransactions\\nNewsletter\" = get_login_page_error_message()\nE        +        where get_login_page_error_message = <pages.LoginPage.LoginPage object at 0x000001926C215D90>.get_login_page_error_message\n\ntests\\test_Login.py:54: AssertionError"}, "attachments": [{"name": "log", "source": "2702c017-f9b2-4955-bab1-4f946463ab98-attachment.txt", "type": "text/plain"}], "start": 1754023282927, "stop": 1754023283722, "uuid": "f1ced0bd-01c6-4916-809a-29a2662534f9", "historyId": "769c93a534d5f1807f36699298acad8d", "testCaseId": "769c93a534d5f1807f36699298acad8d", "fullName": "tests.test_Login.Test_Login#test_login_without_any_credentials", "labels": [{"name": "parentSuite", "value": "tests"}, {"name": "suite", "value": "test_Login"}, {"name": "subSuite", "value": "Test_Login"}, {"name": "host", "value": "AbinashPC"}, {"name": "thread", "value": "11828-MainThread"}, {"name": "framework", "value": "pytest"}, {"name": "language", "value": "cpython3"}, {"name": "package", "value": "tests.test_Login"}], "titlePath": ["tests", "test_Login.py", "Test_Login"]}